2022-03-31 06:10:32	INFO	::casa	
2022-03-31 06:10:32	INFO	::casa	CASA Version MODULAR 6.4.3.27
2022-03-31 06:10:32	INFO	::casa	Can't import casatelemetry module.
2022-03-31 06:10:32	INFO	split::::casa	##########################################
2022-03-31 06:10:32	INFO	split::::casa	##### Begin Task: split              #####
2022-03-31 06:10:32	INFO	split::::casa	split( vis='/raid/work/yamato/edisk_data/edisk_calibrated_data/DDT_LP/L1489IRS_LB1_continuum.ms', outputvis='/raid/work/yamato/edisk_data/edisk_calibrated_data/DDT_LP/L1489IRS_LB1_continuum.bin_30s.ms', keepmms=True, field='', spw='', scan='', antenna='', correlation='', timerange='', intent='', array='', uvrange='', observation='', feed='', datacolumn='data', keepflags=False, width=1, timebin='30s', combine='' )
2022-03-31 06:10:32	INFO	split::::casa	Parse time averaging parameters
2022-03-31 06:10:32	INFO	MSTransformManager::parseMsSpecParams	Input file name is /raid/work/yamato/edisk_data/edisk_calibrated_data/DDT_LP/L1489IRS_LB1_continuum.ms
2022-03-31 06:10:32	INFO	MSTransformManager::parseMsSpecParams	Data column is DATA
2022-03-31 06:10:32	INFO	MSTransformManager::parseMsSpecParams	Output file name is /raid/work/yamato/edisk_data/edisk_calibrated_data/DDT_LP/L1489IRS_LB1_continuum.bin_30s.ms
2022-03-31 06:10:32	INFO	MSTransformManager::parseTimeAvgParams	Time average is activated
2022-03-31 06:10:32	INFO	MSTransformManager::parseTimeAvgParams	Time bin is 30 seconds
2022-03-31 06:10:32	INFO	MSTransformManager::colCheckInfo	Adding DATA column to output MS from input DATA column
2022-03-31 06:10:32	INFO	MSTransformManager::open	Select data
2022-03-31 06:10:32	INFO	MSTransformManager::createOutputMSStructure	Create output MS structure
2022-03-31 06:10:38	INFO	MSTransformDataHandler::makeSelection	6058605 out of 6396852 rows are going to be considered due to the selection criteria.
2022-03-31 06:12:28	INFO	split::::casa	Task split complete. Start time: 2022-03-31 15:10:31.937119 End time: 2022-03-31 15:12:28.007296
2022-03-31 06:12:28	INFO	split::::casa	##### End Task: split                #####
2022-03-31 06:12:28	INFO	split::::casa	##########################################
2022-03-31 06:12:28	INFO	split::::casa	##########################################
2022-03-31 06:12:28	INFO	split::::casa	##### Begin Task: split              #####
2022-03-31 06:12:28	INFO	split::::casa	split( vis='/raid/work/yamato/edisk_data/edisk_calibrated_data/DDT_LP/L1489IRS_LB2_continuum.ms', outputvis='/raid/work/yamato/edisk_data/edisk_calibrated_data/DDT_LP/L1489IRS_LB2_continuum.bin_30s.ms', keepmms=True, field='', spw='', scan='', antenna='', correlation='', timerange='', intent='', array='', uvrange='', observation='', feed='', datacolumn='data', keepflags=False, width=1, timebin='30s', combine='' )
2022-03-31 06:12:28	INFO	split::::casa	Parse time averaging parameters
2022-03-31 06:12:28	INFO	MSTransformManager::parseMsSpecParams	Input file name is /raid/work/yamato/edisk_data/edisk_calibrated_data/DDT_LP/L1489IRS_LB2_continuum.ms
2022-03-31 06:12:28	INFO	MSTransformManager::parseMsSpecParams	Data column is DATA
2022-03-31 06:12:28	INFO	MSTransformManager::parseMsSpecParams	Output file name is /raid/work/yamato/edisk_data/edisk_calibrated_data/DDT_LP/L1489IRS_LB2_continuum.bin_30s.ms
2022-03-31 06:12:28	INFO	MSTransformManager::parseTimeAvgParams	Time average is activated
2022-03-31 06:12:28	INFO	MSTransformManager::parseTimeAvgParams	Time bin is 30 seconds
2022-03-31 06:12:28	INFO	MSTransformManager::colCheckInfo	Adding DATA column to output MS from input DATA column
2022-03-31 06:12:28	INFO	MSTransformManager::open	Select data
2022-03-31 06:12:28	INFO	MSTransformManager::createOutputMSStructure	Create output MS structure
2022-03-31 06:12:34	INFO	MSTransformDataHandler::makeSelection	6977838 out of 7309722 rows are going to be considered due to the selection criteria.
2022-03-31 06:14:52	INFO	split::::casa	Task split complete. Start time: 2022-03-31 15:12:28.163026 End time: 2022-03-31 15:14:51.525991
2022-03-31 06:14:52	INFO	split::::casa	##### End Task: split                #####
2022-03-31 06:14:52	INFO	split::::casa	##########################################
2022-03-31 06:14:52	INFO	concat::::casa	##########################################
2022-03-31 06:14:52	INFO	concat::::casa	##### Begin Task: concat             #####
2022-03-31 06:14:52	INFO	concat::::casa	concat( vis=['/raid/work/yamato/edisk_data/edisk_calibrated_data/DDT_LP/L1489IRS_LB1_continuum.bin_30s.ms', '/raid/work/yamato/edisk_data/edisk_calibrated_data/DDT_LP/L1489IRS_LB2_continuum.bin_30s.ms'], concatvis='/raid/work/yamato/edisk_data/edisk_calibrated_data/DDT_LP/L1489IRS_continuum.ms', freqtol='', dirtol='0.01arcsec', respectname=False, timesort=False, copypointing=True, visweightscale=[], forcesingleephemfield='' )
2022-03-31 06:14:52	INFO	concat::::casa	copying /raid/work/yamato/edisk_data/edisk_calibrated_data/DDT_LP/L1489IRS_LB1_continuum.bin_30s.ms to /raid/work/yamato/edisk_data/edisk_calibrated_data/DDT_LP/L1489IRS_continuum.ms
2022-03-31 06:14:52	INFO	concat::::casa	concatenating /raid/work/yamato/edisk_data/edisk_calibrated_data/DDT_LP/L1489IRS_LB2_continuum.bin_30s.ms into /raid/work/yamato/edisk_data/edisk_calibrated_data/DDT_LP/L1489IRS_continuum.ms
2022-03-31 06:14:52	INFO	MSConcat::concatenate 	Appending /raid/work/yamato/edisk_data/edisk_calibrated_data/DDT_LP/L1489IRS_LB2_continuum.bin_30s.ms to /raid/work/yamato/edisk_data/edisk_calibrated_data/DDT_LP/L1489IRS_continuum.ms
2022-03-31 06:14:52	INFO	MSConcat::concatenate 	Added 0 rows and matched 1 from the state subtable
2022-03-31 06:14:52	INFO	MSConcat::concatenate 	Added 7 rows to the source subtable
2022-03-31 06:14:52	INFO	MSConcat::concatenate 	Added 7 rows and matched 0 from the data description subtable
2022-03-31 06:14:52	INFO	MSConcat::concatenate 	Added 7 rows and matched 0 from the spectral window subtable
2022-03-31 06:14:52	INFO	MSConcat::concatenate 	Added 3 rows and matched 43 from the antenna subtable
2022-03-31 06:14:52	INFO	MSConcat::concatenate +	Added 322 rows to the feed subtable
2022-03-31 06:14:52	INFO	MSConcat::concatenate +	Added 0 rows and matched 1 from the field subtable
2022-03-31 06:14:52	INFO	MSConcat::copyObservation	Added 1 rows and matched 0 rows in the observation subtable.
2022-03-31 06:14:52	INFO	MSConcat::copyProcessor	Added 0 rows and matched 4 rows in the processor subtable.
2022-03-31 06:16:07	INFO	MSConcat::copySysCal	No valid syscal tables present. Result won't have one either.
2022-03-31 06:16:07	INFO	MSConcat::copyGainCurve	No valid gain curve tables present. Result won't have one either.
2022-03-31 06:16:07	INFO	MSConcat::concatenate 	Will offset scan numbers by 125 for observations with Obs ID 1 in order to make scan numbers unique.
2022-03-31 06:16:17	INFO	concat::::casa	Task concat complete. Start time: 2022-03-31 15:14:51.714409 End time: 2022-03-31 15:16:16.680455
2022-03-31 06:16:17	INFO	concat::::casa	##### End Task: concat               #####
2022-03-31 06:16:17	INFO	concat::::casa	##########################################
