2022-03-31 06:07:12	INFO	::casa	
2022-03-31 06:07:12	INFO	::casa	CASA Version MODULAR 6.4.3.27
2022-03-31 06:07:12	INFO	::casa	Can't import casatelemetry module.
2022-03-31 06:07:12	INFO	split::::casa	##########################################
2022-03-31 06:07:12	INFO	split::::casa	##### Begin Task: split              #####
2022-03-31 06:07:12	INFO	split::::casa	split( vis='/raid/work/yamato/edisk_data/edisk_calibrated_data/DDT_LP/L1489IRS_SB1_continuum.ms', outputvis='/raid/work/yamato/edisk_data/edisk_calibrated_data/DDT_LP/L1489IRS_SB1_continuum.bin_30s.ms', keepmms=True, field='', spw='', scan='', antenna='', correlation='', timerange='', intent='', array='', uvrange='', observation='', feed='', datacolumn='data', keepflags=False, width=1, timebin='30s', combine='' )
2022-03-31 06:07:12	INFO	split::::casa	Parse time averaging parameters
2022-03-31 06:07:12	INFO	MSTransformManager::parseMsSpecParams	Input file name is /raid/work/yamato/edisk_data/edisk_calibrated_data/DDT_LP/L1489IRS_SB1_continuum.ms
2022-03-31 06:07:12	INFO	MSTransformManager::parseMsSpecParams	Data column is DATA
2022-03-31 06:07:12	INFO	MSTransformManager::parseMsSpecParams	Output file name is /raid/work/yamato/edisk_data/edisk_calibrated_data/DDT_LP/L1489IRS_SB1_continuum.bin_30s.ms
2022-03-31 06:07:12	INFO	MSTransformManager::parseTimeAvgParams	Time average is activated
2022-03-31 06:07:12	INFO	MSTransformManager::parseTimeAvgParams	Time bin is 30 seconds
2022-03-31 06:07:12	INFO	MSTransformManager::colCheckInfo	Adding DATA column to output MS from input DATA column
2022-03-31 06:07:12	INFO	MSTransformManager::open	Select data
2022-03-31 06:07:12	INFO	MSTransformManager::createOutputMSStructure	Create output MS structure
2022-03-31 06:07:13	INFO	MSTransformDataHandler::makeSelection	1032286 out of 1589070 rows are going to be considered due to the selection criteria.
2022-03-31 06:07:34	INFO	split::::casa	Task split complete. Start time: 2022-03-31 15:07:12.151350 End time: 2022-03-31 15:07:34.492511
2022-03-31 06:07:34	INFO	split::::casa	##### End Task: split                #####
2022-03-31 06:07:34	INFO	split::::casa	##########################################
2022-03-31 06:07:35	INFO	split::::casa	##########################################
2022-03-31 06:07:35	INFO	split::::casa	##### Begin Task: split              #####
2022-03-31 06:07:35	INFO	split::::casa	split( vis='/raid/work/yamato/edisk_data/edisk_calibrated_data/DDT_LP/L1489IRS_SB2_continuum.ms', outputvis='/raid/work/yamato/edisk_data/edisk_calibrated_data/DDT_LP/L1489IRS_SB2_continuum.bin_30s.ms', keepmms=True, field='', spw='', scan='', antenna='', correlation='', timerange='', intent='', array='', uvrange='', observation='', feed='', datacolumn='data', keepflags=False, width=1, timebin='30s', combine='' )
2022-03-31 06:07:35	INFO	split::::casa	Parse time averaging parameters
2022-03-31 06:07:35	INFO	MSTransformManager::parseMsSpecParams	Input file name is /raid/work/yamato/edisk_data/edisk_calibrated_data/DDT_LP/L1489IRS_SB2_continuum.ms
2022-03-31 06:07:35	INFO	MSTransformManager::parseMsSpecParams	Data column is DATA
2022-03-31 06:07:35	INFO	MSTransformManager::parseMsSpecParams	Output file name is /raid/work/yamato/edisk_data/edisk_calibrated_data/DDT_LP/L1489IRS_SB2_continuum.bin_30s.ms
2022-03-31 06:07:35	INFO	MSTransformManager::parseTimeAvgParams	Time average is activated
2022-03-31 06:07:35	INFO	MSTransformManager::parseTimeAvgParams	Time bin is 30 seconds
2022-03-31 06:07:35	INFO	MSTransformManager::colCheckInfo	Adding DATA column to output MS from input DATA column
2022-03-31 06:07:35	INFO	MSTransformManager::open	Select data
2022-03-31 06:07:35	INFO	MSTransformManager::createOutputMSStructure	Create output MS structure
2022-03-31 06:07:36	INFO	MSTransformDataHandler::makeSelection	1163125 out of 1390620 rows are going to be considered due to the selection criteria.
2022-03-31 06:07:58	INFO	split::::casa	Task split complete. Start time: 2022-03-31 15:07:34.605004 End time: 2022-03-31 15:07:58.043996
2022-03-31 06:07:58	INFO	split::::casa	##### End Task: split                #####
2022-03-31 06:07:58	INFO	split::::casa	##########################################
2022-03-31 06:07:58	INFO	concat::::casa	##########################################
2022-03-31 06:07:58	INFO	concat::::casa	##### Begin Task: concat             #####
2022-03-31 06:07:58	INFO	concat::::casa	concat( vis=['/raid/work/yamato/edisk_data/edisk_calibrated_data/DDT_LP/L1489IRS_SB1_continuum.bin_30s.ms', '/raid/work/yamato/edisk_data/edisk_calibrated_data/DDT_LP/L1489IRS_SB2_continuum.bin_30s.ms'], concatvis='/raid/work/yamato/edisk_data/edisk_calibrated_data/DDT_LP/L1489IRS_continuum.ms', freqtol='', dirtol='0.01arcsec', respectname=False, timesort=False, copypointing=True, visweightscale=[], forcesingleephemfield='' )
2022-03-31 06:07:59	INFO	concat::::casa	copying /raid/work/yamato/edisk_data/edisk_calibrated_data/DDT_LP/L1489IRS_SB1_continuum.bin_30s.ms to /raid/work/yamato/edisk_data/edisk_calibrated_data/DDT_LP/L1489IRS_continuum.ms
2022-03-31 06:07:59	INFO	concat::::casa	concatenating /raid/work/yamato/edisk_data/edisk_calibrated_data/DDT_LP/L1489IRS_SB2_continuum.bin_30s.ms into /raid/work/yamato/edisk_data/edisk_calibrated_data/DDT_LP/L1489IRS_continuum.ms
2022-03-31 06:07:59	INFO	MSConcat::concatenate 	Appending /raid/work/yamato/edisk_data/edisk_calibrated_data/DDT_LP/L1489IRS_SB2_continuum.bin_30s.ms to /raid/work/yamato/edisk_data/edisk_calibrated_data/DDT_LP/L1489IRS_continuum.ms
2022-03-31 06:07:59	INFO	MSConcat::concatenate 	Added 0 rows and matched 1 from the state subtable
2022-03-31 06:07:59	INFO	MSConcat::concatenate 	Added 7 rows to the source subtable
2022-03-31 06:07:59	INFO	MSConcat::concatenate 	Added 7 rows and matched 0 from the data description subtable
2022-03-31 06:07:59	INFO	MSConcat::concatenate 	Added 7 rows and matched 0 from the spectral window subtable
2022-03-31 06:07:59	INFO	MSConcat::copyAntennaAndFeed	*** Antenna DA55 (station A122, ID 11) has changed its position between MSs.
2022-03-31 06:07:59	INFO	MSConcat::copyAntennaAndFeed+	    Moved antenna is on station A043 and will have ID 46.
2022-03-31 06:07:59	INFO	MSConcat::copyAntennaAndFeed	*** Antenna DA57 (station A043, ID 13) has changed its position between MSs.
2022-03-31 06:07:59	INFO	MSConcat::copyAntennaAndFeed+	    Moved antenna is on station A001 and will have ID 47.
2022-03-31 06:07:59	INFO	MSConcat::copyAntennaAndFeed	*** Antenna DA64 (station A115, ID 19) has changed its position between MSs.
2022-03-31 06:07:59	INFO	MSConcat::copyAntennaAndFeed+	    Moved antenna is on station A058 and will have ID 49.
2022-03-31 06:07:59	INFO	MSConcat::copyAntennaAndFeed	*** Antenna DV12 (station A120, ID 31) has changed its position between MSs.
2022-03-31 06:07:59	INFO	MSConcat::copyAntennaAndFeed+	    Moved antenna is on station A044 and will have ID 51.
2022-03-31 06:07:59	INFO	MSConcat::concatenate 	Added 7 rows and matched 36 from the antenna subtable
2022-03-31 06:07:59	INFO	MSConcat::concatenate +	Added 196 rows to the feed subtable
2022-03-31 06:07:59	INFO	MSConcat::concatenate +	Added 0 rows and matched 1 from the field subtable
2022-03-31 06:07:59	INFO	MSConcat::copyObservation	Added 1 rows and matched 0 rows in the observation subtable.
2022-03-31 06:07:59	INFO	MSConcat::copyProcessor	Added 0 rows and matched 4 rows in the processor subtable.
2022-03-31 06:08:57	INFO	MSConcat::copySysCal	No valid syscal tables present. Result won't have one either.
2022-03-31 06:08:57	INFO	MSConcat::copyGainCurve	No valid gain curve tables present. Result won't have one either.
2022-03-31 06:08:57	INFO	MSConcat::concatenate 	Will offset scan numbers by 29 for observations with Obs ID 1 in order to make scan numbers unique.
2022-03-31 06:09:00	INFO	concat::::casa	Task concat complete. Start time: 2022-03-31 15:07:58.482108 End time: 2022-03-31 15:08:59.976858
2022-03-31 06:09:00	INFO	concat::::casa	##### End Task: concat               #####
2022-03-31 06:09:00	INFO	concat::::casa	##########################################
